app/build/intermediates/manifest_merge_blame_file/debug/processDebugMainManifest/manifest-merger-blame-debug-report.txt
1<?xml version="1.0" encoding="utf-8"?>
2<manifest xmlns:android="http://schemas.android.com/apk/res/android"
3    package="com.moekoe.xposed.kugoulite"
4    android:versionCode="1"
5    android:versionName="1.0.0" >
6
7    <uses-sdk
8        android:minSdkVersion="27"
9        android:targetSdkVersion="34" />
10
11    <uses-permission android:name="android.permission.INTERNET" />
11-->src\main\AndroidManifest.xml:5:5-67
11-->src\main\AndroidManifest.xml:5:22-64
12    <uses-permission android:name="android.permission.POST_NOTIFICATIONS" />
12-->src\main\AndroidManifest.xml:6:5-77
12-->src\main\AndroidManifest.xml:6:22-74
13    <uses-permission android:name="android.permission.QUERY_ALL_PACKAGES" />
13-->src\main\AndroidManifest.xml:7:5-8:53
13-->src\main\AndroidManifest.xml:7:22-74
14
15    <!-- Android 11+ 需要声明才能查询酷狗概念版是否安装 -->
16    <queries>
16-->src\main\AndroidManifest.xml:11:5-13:15
17        <package android:name="com.kugou.android.lite" />
17-->src\main\AndroidManifest.xml:12:9-58
17-->src\main\AndroidManifest.xml:12:18-55
18    </queries>
19
20    <application
20-->src\main\AndroidManifest.xml:15:5-43:19
21        android:allowBackup="true"
21-->src\main\AndroidManifest.xml:16:9-35
22        android:debuggable="true"
23        android:extractNativeLibs="false"
24        android:icon="@android:drawable/ic_media_play"
24-->src\main\AndroidManifest.xml:17:9-55
25        android:label="@string/app_name"
25-->src\main\AndroidManifest.xml:18:9-41
26        android:supportsRtl="true"
26-->src\main\AndroidManifest.xml:19:9-35
27        android:theme="@android:style/Theme.Material.Light" >
27-->src\main\AndroidManifest.xml:20:9-60
28
29        <!-- Xposed 模块声明 -->
30        <meta-data
30-->src\main\AndroidManifest.xml:23:9-71
31            android:name="xposedmodule"
31-->src\main\AndroidManifest.xml:23:20-47
32            android:value="true" />
32-->src\main\AndroidManifest.xml:23:48-68
33        <meta-data
33-->src\main\AndroidManifest.xml:24:9-98
34            android:name="xposeddescription"
34-->src\main\AndroidManifest.xml:24:20-52
35            android:value="@string/xposed_description" />
35-->src\main\AndroidManifest.xml:24:53-95
36        <meta-data
36-->src\main\AndroidManifest.xml:25:9-73
37            android:name="xposedminversion"
37-->src\main\AndroidManifest.xml:25:20-51
38            android:value="82" />
38-->src\main\AndroidManifest.xml:25:52-70
39        <meta-data
39-->src\main\AndroidManifest.xml:26:9-88
40            android:name="xposedscope"
40-->src\main\AndroidManifest.xml:26:20-46
41            android:resource="@array/xposed_scope" />
41-->src\main\AndroidManifest.xml:26:47-85
42
43        <activity
43-->src\main\AndroidManifest.xml:28:9-35:20
44            android:name="com.moekoe.xposed.kugoulite.MainActivity"
44-->src\main\AndroidManifest.xml:29:13-41
45            android:exported="true" >
45-->src\main\AndroidManifest.xml:30:13-36
46            <intent-filter>
46-->src\main\AndroidManifest.xml:31:13-34:29
47                <action android:name="android.intent.action.MAIN" />
47-->src\main\AndroidManifest.xml:32:17-69
47-->src\main\AndroidManifest.xml:32:25-66
48
49                <category android:name="android.intent.category.LAUNCHER" />
49-->src\main\AndroidManifest.xml:33:17-77
49-->src\main\AndroidManifest.xml:33:27-74
50            </intent-filter>
51        </activity>
52
53        <!-- 跨进程状态共享 Provider，供 Hook 进程读写模块配置与状态 -->
54        <provider
54-->src\main\AndroidManifest.xml:38:9-41:39
55            android:name="com.moekoe.xposed.kugoulite.StateProvider"
55-->src\main\AndroidManifest.xml:39:13-42
56            android:authorities="com.moekoe.xposed.kugoulite.state"
56-->src\main\AndroidManifest.xml:40:13-68
57            android:exported="true" />
57-->src\main\AndroidManifest.xml:41:13-36
58    </application>
59
60</manifest>